[1751537969656] Round N°: 1 Hawk: 10 Dove: 10
[1751537984394] Round N°: 2 Hawk: 5 Dove: 7
[1751537994005] Round N°: 3 Hawk: 6 Dove: 5
[1751538002111] Round N°: 4 Hawk: 5 Dove: 3
[1751538011290] Round N°: 5 Hawk: 3 Dove: 1
[1751538019251] Round N°: 6 Hawk: 4 Dove: 2
[1751538028113] Round N°: 7 Hawk: 4 Dove: 3
[1751538038647] Round N°: 8 Hawk: 3 Dove: 4
[1751538045269] Round N°: 9 Hawk: 4 Dove: 6
[1751538053877] Round N°: 10 Hawk: 5 Dove: 7
[1751538062837] Round N°: 11 Hawk: 3 Dove: 8
[1751538071753] Round N°: 12 Hawk: 4 Dove: 11
[1751538101762] Round N°: 13 Hawk: 2 Dove: 14
[1751538123014] Round N°: 14 Hawk: 3 Dove: 14
[1751538142398] Round N°: 15 Hawk: 3 Dove: 14
[1751538154548] Round N°: 16 Hawk: 3 Dove: 14
[1751538176764] Round N°: 17 Hawk: 4 Dove: 13
[1751538198967] Round N°: 18 Hawk: 2 Dove: 14
[1751538212296] Round N°: 19 Hawk: 3 Dove: 15
[1751538221334] Round N°: 20 Hawk: 3 Dove: 14
[1751538232188] Round N°: 21 Hawk: 2 Dove: 14
[1751538244296] Round N°: 22 Hawk: 1 Dove: 18
[1751538263883] Round N°: 23 Hawk: 2 Dove: 16
[1751538281188] Round N°: 24 Hawk: 0 Dove: 18
