[1751538422689] Round N°: 1 Hawk: 10 Dove: 10
[1751538439086] Round N°: 2 Hawk: 4 Dove: 6
[1751538446716] Round N°: 3 Hawk: 4 Dove: 9
[1751538463470] Round N°: 4 Hawk: 2 Dove: 12
[1751538473185] Round N°: 5 Hawk: 4 Dove: 13
[1751538491756] Round N°: 6 Hawk: 2 Dove: 10
[1751538499956] Round N°: 7 Hawk: 3 Dove: 13
[1751538512440] Round N°: 8 Hawk: 2 Dove: 14
[1751538522835] Round N°: 9 Hawk: 2 Dove: 15
[1751538544936] Round N°: 10 Hawk: 1 Dove: 14
[1751538572716] Round N°: 11 Hawk: 2 Dove: 16
[1751538583226] Round N°: 12 Hawk: 2 Dove: 14
[1751538603032] Round N°: 13 Hawk: 2 Dove: 16
[1751538617370] Round N°: 14 Hawk: 3 Dove: 13
[1751538627425] Round N°: 15 Hawk: 3 Dove: 14
[1751538644624] Round N°: 16 Hawk: 2 Dove: 14
[1751538651122] Round N°: 17 Hawk: 3 Dove: 12
[1751538668656] Round N°: 18 Hawk: 1 Dove: 12
[1751538692922] Round N°: 19 Hawk: 1 Dove: 18
[1751538718783] Round N°: 20 Hawk: 0 Dove: 20
