[1751387241236] Round N°: 1 Hawk: 2 Dove: 10
[1751387250920] Round N°: 2 Hawk: 4 Dove: 17
[1751387273054] Round N°: 3 Hawk: 3 Dove: 14
[1751387290881] Round N°: 4 Hawk: 4 Dove: 16
[1751387320883] Round N°: 5 Hawk: 6 Dove: 10
[1751387350887] Round N°: 6 Hawk: 6 Dove: 9
[1751387365547] Round N°: 7 Hawk: 4 Dove: 8
[1751387378855] Round N°: 8 Hawk: 6 Dove: 11
[1751387408859] Round N°: 9 Hawk: 6 Dove: 6
[1751387414731] Round N°: 10 Hawk: 9 Dove: 6
[1751387434081] Round N°: 11 Hawk: 3 Dove: 9
[1751387460201] Round N°: 12 Hawk: 5 Dove: 16
[1751387490209] Round N°: 13 Hawk: 7 Dove: 7
[1751387504790] Round N°: 14 Hawk: 6 Dove: 7
[1751387519489] Round N°: 15 Hawk: 5 Dove: 9
[1751387541067] Round N°: 16 Hawk: 4 Dove: 10
[1751387563716] Round N°: 17 Hawk: 5 Dove: 13
[1751387581539] Round N°: 18 Hawk: 3 Dove: 12
[1751387595712] Round N°: 19 Hawk: 5 Dove: 14
[1751387614461] Round N°: 20 Hawk: 6 Dove: 11
[1751387644465] Round N°: 21 Hawk: 7 Dove: 10
[1751387670601] Round N°: 22 Hawk: 5 Dove: 9
[1751387700036] Round N°: 23 Hawk: 6 Dove: 10
[1751387714422] Round N°: 24 Hawk: 4 Dove: 11
[1751387732887] Round N°: 25 Hawk: 4 Dove: 15
[1751387746390] Round N°: 26 Hawk: 1 Dove: 18
[1751387776394] Round N°: 27 Hawk: 1 Dove: 16
[1751387785879] Round N°: 28 Hawk: 2 Dove: 20
[1751387815884] Round N°: 29 Hawk: 2 Dove: 14
[1751387830870] Round N°: 30 Hawk: 1 Dove: 20
[1751387853794] Round N°: 31 Hawk: 2 Dove: 21
[1751387869677] Round N°: 32 Hawk: 1 Dove: 22
[1751387899681] Round N°: 33 Hawk: 2 Dove: 18
[1751387919698] Round N°: 34 Hawk: 1 Dove: 22
[1751387949708] Round N°: 35 Hawk: 1 Dove: 20
[1751387979710] Round N°: 36 Hawk: 1 Dove: 20
[1751388009717] Round N°: 37 Hawk: 2 Dove: 18
[1751388025737] Round N°: 38 Hawk: 1 Dove: 20
[1751388055741] Round N°: 39 Hawk: 2 Dove: 18
[1751388080892] Round N°: 40 Hawk: 2 Dove: 20
[1751388110902] Round N°: 41 Hawk: 3 Dove: 16
[1751388140911] Round N°: 42 Hawk: 3 Dove: 16
[1751388158671] Round N°: 43 Hawk: 1 Dove: 20
[1751388184271] Round N°: 44 Hawk: 0 Dove: 24
