[1751457932627] Round N°: 1 Hawk: 10 Dove: 10
[1751457962580] Round N°: 2 Hawk: 11 Dove: 16
[1751457992590] Round N°: 3 Hawk: 11 Dove: 24
[1751458022599] Round N°: 4 Hawk: 8 Dove: 24
[1751458052606] Round N°: 5 Hawk: 3 Dove: 27
[1751458082611] Round N°: 6 Hawk: 4 Dove: 31
[1751458112630] Round N°: 7 Hawk: 4 Dove: 45
[1751458142658] Round N°: 8 Hawk: 5 Dove: 34
[1751458172674] Round N°: 9 Hawk: 4 Dove: 44
[1751458202738] Round N°: 10 Hawk: 2 Dove: 44
[1751458232758] Round N°: 11 Hawk: 4 Dove: 34
[1751458262752] Round N°: 12 Hawk: 6 Dove: 41
[1751458292755] Round N°: 13 Hawk: 5 Dove: 32
[1751458322758] Round N°: 14 Hawk: 7 Dove: 42
[1751458352801] Round N°: 15 Hawk: 3 Dove: 34
[1751458382997] Round N°: 16 Hawk: 2 Dove: 42
[1751458413006] Round N°: 17 Hawk: 0 Dove: 44
[1751458443029] Round N°: 18 Hawk: 0 Dove: 42
[1751458473032] Round N°: 19 Hawk: 0 Dove: 58
[1751458503060] Round N°: 20 Hawk: 0 Dove: 38
