[1751396945615] Round N°: 1 Hawk: 10 Dove: 10
[1751396972176] Round N°: 2 Hawk: 9 Dove: 18
[1751397002183] Round N°: 3 Hawk: 8 Dove: 24
[1751397032189] Round N°: 4 Hawk: 9 Dove: 30
[1751397062206] Round N°: 5 Hawk: 7 Dove: 32
[1751397092226] Round N°: 6 Hawk: 8 Dove: 30
[1751397122242] Round N°: 7 Hawk: 9 Dove: 28
[1751397152248] Round N°: 8 Hawk: 6 Dove: 30
[1751397267397] Round N°: 9 Hawk: 5 Dove: 36
[1751397551687] Round N°: 10 Hawk: 7 Dove: 32
[1751397581704] Round N°: 11 Hawk: 7 Dove: 30
[1751397611719] Round N°: 12 Hawk: 7 Dove: 29
[1751397641729] Round N°: 13 Hawk: 6 Dove: 43
[1751397671734] Round N°: 14 Hawk: 5 Dove: 41
[1751397701737] Round N°: 15 Hawk: 4 Dove: 40
[1751397731752] Round N°: 16 Hawk: 6 Dove: 40
[1751397761768] Round N°: 17 Hawk: 3 Dove: 36
[1751397791783] Round N°: 18 Hawk: 5 Dove: 38
[1751397821789] Round N°: 19 Hawk: 6 Dove: 40
[1751397851792] Round N°: 20 Hawk: 4 Dove: 43
[1751397881801] Round N°: 21 Hawk: 1 Dove: 48
[1751397911805] Round N°: 22 Hawk: 1 Dove: 50
[1751397941815] Round N°: 23 Hawk: 1 Dove: 40
[1751397971819] Round N°: 24 Hawk: 1 Dove: 48
[1751398001825] Round N°: 25 Hawk: 1 Dove: 46
[1751398031830] Round N°: 26 Hawk: 0 Dove: 48
