[1751458533125] Round N°: 1 Hawk: 10 Dove: 10
[1751458563133] Round N°: 2 Hawk: 10 Dove: 8
[1751458593139] Round N°: 3 Hawk: 9 Dove: 13
[1751458618501] Round N°: 4 Hawk: 12 Dove: 18
[1751458648508] Round N°: 5 Hawk: 13 Dove: 16
[1751458678524] Round N°: 6 Hawk: 6 Dove: 21
[1751458708534] Round N°: 7 Hawk: 5 Dove: 32
[1751458738551] Round N°: 8 Hawk: 7 Dove: 32
[1751458768556] Round N°: 9 Hawk: 4 Dove: 39
[1751458798565] Round N°: 10 Hawk: 1 Dove: 50
[1751458828588] Round N°: 11 Hawk: 1 Dove: 48
[1751458858598] Round N°: 12 Hawk: 2 Dove: 39
[1751458888611] Round N°: 13 Hawk: 2 Dove: 48
[1751458918622] Round N°: 14 Hawk: 2 Dove: 30
[1751458948629] Round N°: 15 Hawk: 2 Dove: 41
[1751458978646] Round N°: 16 Hawk: 3 Dove: 49
[1751459008664] Round N°: 17 Hawk: 2 Dove: 48
[1751459038680] Round N°: 18 Hawk: 1 Dove: 44
[1751459068685] Round N°: 19 Hawk: 0 Dove: 36
[1751459098689] Round N°: 20 Hawk: 0 Dove: 58
