[1751386794415] Round N°: 1 Hawk: 10 Dove: 10
[1751386816360] Round N°: 2 Hawk: 4 Dove: 8
[1751386823196] Round N°: 3 Hawk: 3 Dove: 13
[1751386831510] Round N°: 4 Hawk: 2 Dove: 16
[1751386841642] Round N°: 5 Hawk: 2 Dove: 16
[1751386856217] Round N°: 6 Hawk: 3 Dove: 14
[1751386886223] Round N°: 7 Hawk: 1 Dove: 14
[1751386905147] Round N°: 8 Hawk: 1 Dove: 18
[1751386918411] Round N°: 9 Hawk: 1 Dove: 18
[1751386940110] Round N°: 10 Hawk: 2 Dove: 16
[1751386948395] Round N°: 11 Hawk: 3 Dove: 14
[1751386957952] Round N°: 12 Hawk: 2 Dove: 16
[1751386972204] Round N°: 13 Hawk: 2 Dove: 16
[1751386986348] Round N°: 14 Hawk: 1 Dove: 18
[1751387004140] Round N°: 15 Hawk: 2 Dove: 16
[1751387031391] Round N°: 16 Hawk: 1 Dove: 18
[1751387048575] Round N°: 17 Hawk: 1 Dove: 18
[1751387054727] Round N°: 18 Hawk: 1 Dove: 18
[1751387084483] Round N°: 19 Hawk: 2 Dove: 16
[1751387097960] Round N°: 20 Hawk: 2 Dove: 16
[1751387113818] Round N°: 21 Hawk: 0 Dove: 18
