[1751461035055] Round N°: 1 Hawk: 10 Dove: 10
[1751461065066] Round N°: 2 Hawk: 10 Dove: 12
[1751461095077] Round N°: 3 Hawk: 6 Dove: 15
[1751461125087] Round N°: 4 Hawk: 7 Dove: 16
[1751461155095] Round N°: 5 Hawk: 4 Dove: 21
[1751461185088] Round N°: 6 Hawk: 4 Dove: 27
[1751461215086] Round N°: 7 Hawk: 3 Dove: 31
[1751461245087] Round N°: 8 Hawk: 2 Dove: 34
[1751461275099] Round N°: 9 Hawk: 0 Dove: 30
[1751461305109] Round N°: 10 Hawk: 0 Dove: 30
[1751461335122] Round N°: 11 Hawk: 0 Dove: 38
[1751461365129] Round N°: 12 Hawk: 0 Dove: 36
[1751461395146] Round N°: 13 Hawk: 0 Dove: 32
[1751461425152] Round N°: 14 Hawk: 0 Dove: 38
[1751461455165] Round N°: 15 Hawk: 0 Dove: 32
[1751461485176] Round N°: 16 Hawk: 0 Dove: 32
[1751461515186] Round N°: 17 Hawk: 0 Dove: 38
[1751461545200] Round N°: 18 Hawk: 0 Dove: 36
[1751461575214] Round N°: 19 Hawk: 0 Dove: 38
[1751461605232] Round N°: 20 Hawk: 0 Dove: 36
